This is pdfTeX, Version 3.141592653-2.6-1.40.24 (MiKTeX 21.12.10) (preloaded format=pdflatex 2022.1.19)  29 JUL 2022 13:40
entering extended mode
 restricted \write18 enabled.
 %&-line parsing enabled.
**./BlueWhaleLagrangianMethods.tex
(BlueWhaleLagrangianMethods.tex
LaTeX2e <2021-11-15> patch level 1
L3 programming layer <2021-11-22> (C:\Users\Musculus\AppData\Local\Programs\MiK
TeX\tex/latex/base\article.cls
Document Class: article 2021/10/04 v1.4n Standard LaTeX document class
(C:\Users\Musculus\AppData\Local\Programs\MiKTeX\tex/latex/base\size10.clo
File: size10.clo 2021/10/04 v1.4n Standard LaTeX file (size option)
)
\c@part=\count183
\c@section=\count184
\c@subsection=\count185
\c@subsubsection=\count186
\c@paragraph=\count187
\c@subparagraph=\count188
\c@figure=\count189
\c@table=\count190
\abovecaptionskip=\skip47
\belowcaptionskip=\skip48
\bibindent=\dimen138
) (C:\Users\Musculus\AppData\Local\Programs\MiKTeX\tex/latex/amsmath\amsmath.st
y
Package: amsmath 2021/10/15 v2.17l AMS math features
\@mathmargin=\skip49
For additional information on amsmath, use the `?' option.
(C:\Users\Musculus\AppData\Local\Programs\MiKTeX\tex/latex/amsmath\amstext.sty
Package: amstext 2021/08/26 v2.01 AMS text
(C:\Users\Musculus\AppData\Local\Programs\MiKTeX\tex/latex/amsmath\amsgen.sty
File: amsgen.sty 1999/11/30 v2.0 generic functions
\@emptytoks=\toks16
\ex@=\dimen139
)) (C:\Users\Musculus\AppData\Local\Programs\MiKTeX\tex/latex/amsmath\amsbsy.st
y
Package: amsbsy 1999/11/29 v1.2d Bold Symbols
\pmbraise@=\dimen140
) (C:\Users\Musculus\AppData\Local\Programs\MiKTeX\tex/latex/amsmath\amsopn.sty
Package: amsopn 2021/08/26 v2.02 operator names
)
\inf@bad=\count191
LaTeX Info: Redefining \frac on input line 234.
\uproot@=\count192
\leftroot@=\count193
LaTeX Info: Redefining \overline on input line 399.
\classnum@=\count194
\DOTSCASE@=\count195
LaTeX Info: Redefining \ldots on input line 496.
LaTeX Info: Redefining \dots on input line 499.
LaTeX Info: Redefining \cdots on input line 620.
\Mathstrutbox@=\box50
\strutbox@=\box51
\big@size=\dimen141
LaTeX Font Info:    Redeclaring font encoding OML on input line 743.
LaTeX Font Info:    Redeclaring font encoding OMS on input line 744.
\macc@depth=\count196
\c@MaxMatrixCols=\count197
\dotsspace@=\muskip16
\c@parentequation=\count198
\dspbrk@lvl=\count199
\tag@help=\toks17
\row@=\count266
\column@=\count267
\maxfields@=\count268
\andhelp@=\toks18
\eqnshift@=\dimen142
\alignsep@=\dimen143
\tagshift@=\dimen144
\tagwidth@=\dimen145
\totwidth@=\dimen146
\lineht@=\dimen147
\@envbody=\toks19
\multlinegap=\skip50
\multlinetaggap=\skip51
\mathdisplay@stack=\toks20
LaTeX Info: Redefining \[ on input line 2938.
LaTeX Info: Redefining \] on input line 2939.
)
(C:\Users\Musculus\AppData\Local\Programs\MiKTeX\tex/latex/amsfonts\amssymb.sty
Package: amssymb 2013/01/14 v3.01 AMS font symbols

(C:\Users\Musculus\AppData\Local\Programs\MiKTeX\tex/latex/amsfonts\amsfonts.st
y
Package: amsfonts 2013/01/14 v3.01 Basic AMSFonts support
\symAMSa=\mathgroup4
\symAMSb=\mathgroup5
LaTeX Font Info:    Redeclaring math symbol \hbar on input line 98.
LaTeX Font Info:    Overwriting math alphabet `\mathfrak' in version `bold'
(Font)                  U/euf/m/n --> U/euf/b/n on input line 106.
)) (C:\Users\Musculus\AppData\Local\Programs\MiKTeX\tex/latex/lm\lmodern.sty
Package: lmodern 2009/10/30 v1.6 Latin Modern Fonts
LaTeX Font Info:    Overwriting symbol font `operators' in version `normal'
(Font)                  OT1/cmr/m/n --> OT1/lmr/m/n on input line 22.
LaTeX Font Info:    Overwriting symbol font `letters' in version `normal'
(Font)                  OML/cmm/m/it --> OML/lmm/m/it on input line 23.
LaTeX Font Info:    Overwriting symbol font `symbols' in version `normal'
(Font)                  OMS/cmsy/m/n --> OMS/lmsy/m/n on input line 24.
LaTeX Font Info:    Overwriting symbol font `largesymbols' in version `normal'
(Font)                  OMX/cmex/m/n --> OMX/lmex/m/n on input line 25.
LaTeX Font Info:    Overwriting symbol font `operators' in version `bold'
(Font)                  OT1/cmr/bx/n --> OT1/lmr/bx/n on input line 26.
LaTeX Font Info:    Overwriting symbol font `letters' in version `bold'
(Font)                  OML/cmm/b/it --> OML/lmm/b/it on input line 27.
LaTeX Font Info:    Overwriting symbol font `symbols' in version `bold'
(Font)                  OMS/cmsy/b/n --> OMS/lmsy/b/n on input line 28.
LaTeX Font Info:    Overwriting symbol font `largesymbols' in version `bold'
(Font)                  OMX/cmex/m/n --> OMX/lmex/m/n on input line 29.
LaTeX Font Info:    Overwriting math alphabet `\mathbf' in version `normal'
(Font)                  OT1/cmr/bx/n --> OT1/lmr/bx/n on input line 31.
LaTeX Font Info:    Overwriting math alphabet `\mathsf' in version `normal'
(Font)                  OT1/cmss/m/n --> OT1/lmss/m/n on input line 32.
LaTeX Font Info:    Overwriting math alphabet `\mathit' in version `normal'
(Font)                  OT1/cmr/m/it --> OT1/lmr/m/it on input line 33.
LaTeX Font Info:    Overwriting math alphabet `\mathtt' in version `normal'
(Font)                  OT1/cmtt/m/n --> OT1/lmtt/m/n on input line 34.
LaTeX Font Info:    Overwriting math alphabet `\mathbf' in version `bold'
(Font)                  OT1/cmr/bx/n --> OT1/lmr/bx/n on input line 35.
LaTeX Font Info:    Overwriting math alphabet `\mathsf' in version `bold'
(Font)                  OT1/cmss/bx/n --> OT1/lmss/bx/n on input line 36.
LaTeX Font Info:    Overwriting math alphabet `\mathit' in version `bold'
(Font)                  OT1/cmr/bx/it --> OT1/lmr/bx/it on input line 37.
LaTeX Font Info:    Overwriting math alphabet `\mathtt' in version `bold'
(Font)                  OT1/cmtt/m/n --> OT1/lmtt/m/n on input line 38.
) (C:\Users\Musculus\AppData\Local\Programs\MiKTeX\tex/generic/iftex\iftex.sty
Package: iftex 2020/03/06 v1.0d TeX engine tests
) (C:\Users\Musculus\AppData\Local\Programs\MiKTeX\tex/latex/base\fontenc.sty
Package: fontenc 2021/04/29 v2.0v Standard LaTeX package
LaTeX Font Info:    Trying to load font information for T1+lmr on input line 11
2.
(C:\Users\Musculus\AppData\Local\Programs\MiKTeX\tex/latex/lm\t1lmr.fd
File: t1lmr.fd 2009/10/30 v1.6 Font defs for Latin Modern
)) (C:\Users\Musculus\AppData\Local\Programs\MiKTeX\tex/latex/base\inputenc.sty
Package: inputenc 2021/02/14 v1.3d Input encoding file
\inpenc@prehook=\toks21
\inpenc@posthook=\toks22
) (C:\Users\Musculus\AppData\Local\Programs\MiKTeX\tex/latex/base\textcomp.sty
Package: textcomp 2020/02/02 v2.0n Standard LaTeX package
) (C:\Users\Musculus\AppData\Local\Programs\MiKTeX\tex/latex/upquote\upquote.st
y
Package: upquote 2012/04/19 v1.3 upright-quote and grave-accent glyphs in verba
tim
)
(C:\Users\Musculus\AppData\Local\Programs\MiKTeX\tex/latex/microtype\microtype.
sty
Package: microtype 2021/12/10 v3.0b Micro-typographical refinements (RS)
(C:\Users\Musculus\AppData\Local\Programs\MiKTeX\tex/latex/graphics\keyval.sty
Package: keyval 2014/10/28 v1.15 key=value parser (DPC)
\KV@toks@=\toks23
)
(C:\Users\Musculus\AppData\Local\Programs\MiKTeX\tex/latex/etoolbox\etoolbox.st
y
Package: etoolbox 2020/10/05 v2.5k e-TeX tools for LaTeX (JAW)
\etb@tempcnta=\count269
)
\MT@toks=\toks24
\MT@count=\count270
\MT@tempbox=\box52
LaTeX Info: Redefining \leftprotrusion on input line 1010.
LaTeX Info: Redefining \rightprotrusion on input line 1018.
LaTeX Info: Redefining \textls on input line 1173.
\MT@outer@kern=\dimen148
LaTeX Info: Redefining \textmicrotypecontext on input line 1759.
\MT@listname@count=\count271

(C:\Users\Musculus\AppData\Local\Programs\MiKTeX\tex/latex/microtype\microtype-
pdftex.def
File: microtype-pdftex.def 2021/12/10 v3.0b Definitions specific to pdftex (RS)

LaTeX Info: Redefining \lsstyle on input line 897.
LaTeX Info: Redefining \lslig on input line 897.
\MT@outer@space=\skip52
)
Package microtype Info: Loading configuration file microtype.cfg.

(C:\Users\Musculus\AppData\Local\Programs\MiKTeX\tex/latex/microtype\microtype.
cfg
File: microtype.cfg 2021/12/10 v3.0b microtype main configuration file (RS)
)) (C:\Users\Musculus\AppData\Local\Programs\MiKTeX\tex/latex/parskip\parskip.s
ty
Package: parskip 2021-03-14 v2.0h non-zero parskip adjustments

(C:\Users\Musculus\AppData\Local\Programs\MiKTeX\tex/latex/kvoptions\kvoptions.
sty
Package: kvoptions 2020-10-07 v3.14 Key value format for package options (HO)

(C:\Users\Musculus\AppData\Local\Programs\MiKTeX\tex/generic/ltxcmds\ltxcmds.st
y
Package: ltxcmds 2020-05-10 v1.25 LaTeX kernel commands for general use (HO)
)
(C:\Users\Musculus\AppData\Local\Programs\MiKTeX\tex/generic/kvsetkeys\kvsetkey
s.sty
Package: kvsetkeys 2019/12/15 v1.18 Key value parser (HO)
))) (C:\Users\Musculus\AppData\Local\Programs\MiKTeX\tex/latex/xcolor\xcolor.st
y
Package: xcolor 2021/10/31 v2.13 LaTeX color extensions (UK)

(C:\Users\Musculus\AppData\Local\Programs\MiKTeX\tex/latex/graphics-cfg\color.c
fg
File: color.cfg 2016/01/02 v1.6 sample color configuration
)
Package xcolor Info: Driver file: pdftex.def on input line 227.

(C:\Users\Musculus\AppData\Local\Programs\MiKTeX\tex/latex/graphics-def\pdftex.
def
File: pdftex.def 2020/10/05 v1.2a Graphics/color driver for pdftex
)
Package xcolor Info: Model `cmy' substituted by `cmy0' on input line 1352.
Package xcolor Info: Model `hsb' substituted by `rgb' on input line 1356.
Package xcolor Info: Model `RGB' extended on input line 1368.
Package xcolor Info: Model `HTML' substituted by `rgb' on input line 1370.
Package xcolor Info: Model `Hsb' substituted by `hsb' on input line 1371.
Package xcolor Info: Model `tHsb' substituted by `hsb' on input line 1372.
Package xcolor Info: Model `HSB' substituted by `hsb' on input line 1373.
Package xcolor Info: Model `Gray' substituted by `gray' on input line 1374.
Package xcolor Info: Model `wave' substituted by `hsb' on input line 1375.
)
(C:\Users\Musculus\AppData\Local\Programs\MiKTeX\tex/latex/geometry\geometry.st
y
Package: geometry 2020/01/02 v5.9 Page Geometry
(C:\Users\Musculus\AppData\Local\Programs\MiKTeX\tex/generic/iftex\ifvtex.sty
Package: ifvtex 2019/10/25 v1.7 ifvtex legacy package. Use iftex instead.
)
\Gm@cnth=\count272
\Gm@cntv=\count273
\c@Gm@tempcnt=\count274
\Gm@bindingoffset=\dimen149
\Gm@wd@mp=\dimen150
\Gm@odd@mp=\dimen151
\Gm@even@mp=\dimen152
\Gm@layoutwidth=\dimen153
\Gm@layoutheight=\dimen154
\Gm@layouthoffset=\dimen155
\Gm@layoutvoffset=\dimen156
\Gm@dimlist=\toks25

(C:\Users\Musculus\AppData\Local\Programs\MiKTeX\tex/latex/geometry\geometry.cf
g))
(C:\Users\Musculus\AppData\Local\Programs\MiKTeX\tex/latex/fancyvrb\fancyvrb.st
y
Package: fancyvrb 2021/12/21 4.1b verbatim text (tvz,hv)
\FV@CodeLineNo=\count275
\FV@InFile=\read2
\FV@TabBox=\box53
\c@FancyVerbLine=\count276
\FV@StepNumber=\count277
\FV@OutFile=\write3
) (C:\Users\Musculus\AppData\Local\Programs\MiKTeX\tex/latex/framed\framed.sty
Package: framed 2011/10/22 v 0.96: framed or shaded text with page breaks
\OuterFrameSep=\skip53
\fb@frw=\dimen157
\fb@frh=\dimen158
\FrameRule=\dimen159
\FrameSep=\dimen160
)
(C:\Users\Musculus\AppData\Local\Programs\MiKTeX\tex/latex/graphics\graphicx.st
y
Package: graphicx 2021/09/16 v1.2d Enhanced LaTeX Graphics (DPC,SPQR)

(C:\Users\Musculus\AppData\Local\Programs\MiKTeX\tex/latex/graphics\graphics.st
y
Package: graphics 2021/03/04 v1.4d Standard LaTeX Graphics (DPC,SPQR)
(C:\Users\Musculus\AppData\Local\Programs\MiKTeX\tex/latex/graphics\trig.sty
Package: trig 2021/08/11 v1.11 sin cos tan (DPC)
)
(C:\Users\Musculus\AppData\Local\Programs\MiKTeX\tex/latex/graphics-cfg\graphic
s.cfg
File: graphics.cfg 2016/06/04 v1.11 sample graphics configuration
)
Package graphics Info: Driver file: pdftex.def on input line 107.
)
\Gin@req@height=\dimen161
\Gin@req@width=\dimen162
)
(C:\Users\Musculus\AppData\Local\Programs\MiKTeX\tex/latex/booktabs\booktabs.st
y
Package: booktabs 2020/01/12 v1.61803398 Publication quality tables
\heavyrulewidth=\dimen163
\lightrulewidth=\dimen164
\cmidrulewidth=\dimen165
\belowrulesep=\dimen166
\belowbottomsep=\dimen167
\aboverulesep=\dimen168
\abovetopsep=\dimen169
\cmidrulesep=\dimen170
\cmidrulekern=\dimen171
\defaultaddspace=\dimen172
\@cmidla=\count278
\@cmidlb=\count279
\@aboverulesep=\dimen173
\@belowrulesep=\dimen174
\@thisruleclass=\count280
\@lastruleclass=\count281
\@thisrulewidth=\dimen175
) (C:\Users\Musculus\AppData\Local\Programs\MiKTeX\tex/latex/tools\longtable.st
y
Package: longtable 2021-09-01 v4.17 Multi-page Table package (DPC)
\LTleft=\skip54
\LTright=\skip55
\LTpre=\skip56
\LTpost=\skip57
\LTchunksize=\count282
\LTcapwidth=\dimen176
\LT@head=\box54
\LT@firsthead=\box55
\LT@foot=\box56
\LT@lastfoot=\box57
\LT@gbox=\box58
\LT@cols=\count283
\LT@rows=\count284
\c@LT@tables=\count285
\c@LT@chunks=\count286
\LT@p@ftn=\toks26
) (C:\Users\Musculus\AppData\Local\Programs\MiKTeX\tex/latex/tools\array.sty
Package: array 2021/10/04 v2.5f Tabular extension package (FMi)
\col@sep=\dimen177
\ar@mcellbox=\box59
\extrarowheight=\dimen178
\NC@list=\toks27
\extratabsurround=\skip58
\backup@length=\skip59
\ar@cellbox=\box60
)
(C:\Users\Musculus\AppData\Local\Programs\MiKTeX\tex/latex/multirow\multirow.st
y
Package: multirow 2021/03/15 v2.8 Span multiple rows of a table
\multirow@colwidth=\skip60
\multirow@cntb=\count287
\multirow@dima=\skip61
\bigstrutjot=\dimen179
) (C:\Users\Musculus\AppData\Local\Programs\MiKTeX\tex/latex/wrapfig\wrapfig.st
y
\wrapoverhang=\dimen180
\WF@size=\dimen181
\c@WF@wrappedlines=\count288
\WF@box=\box61
\WF@everypar=\toks28
Package: wrapfig 2003/01/31  v 3.6
) (C:\Users\Musculus\AppData\Local\Programs\MiKTeX\tex/latex/float\float.sty
Package: float 2001/11/08 v1.3d Float enhancements (AL)
\c@float@type=\count289
\float@exts=\toks29
\float@box=\box62
\@float@everytoks=\toks30
\@floatcapt=\box63
)
(C:\Users\Musculus\AppData\Local\Programs\MiKTeX\tex/latex/colortbl\colortbl.st
y
Package: colortbl 2020/01/04 v1.0e Color table columns (DPC)
\everycr=\toks31
\minrowclearance=\skip62
)
(C:\Users\Musculus\AppData\Local\Programs\MiKTeX\tex/latex/pdflscape\pdflscape.
sty
Package: pdflscape 2019/12/05 v0.12 Display of landscape pages in PDF (HO)
(C:\Users\Musculus\AppData\Local\Programs\MiKTeX\tex/latex/graphics\lscape.sty
Package: lscape 2020/05/28 v3.02 Landscape Pages (DPC)
)
Package pdflscape Info: Auto-detected driver: pdftex on input line 81.
) (C:\Users\Musculus\AppData\Local\Programs\MiKTeX\tex/latex/tabu\tabu.sty
Package: tabu 2019/01/11 v2.9 - flexible LaTeX tabulars (FC+tabu-fixed)

(C:\Users\Musculus\AppData\Local\Programs\MiKTeX\tex/latex/varwidth\varwidth.st
y
Package: varwidth 2009/03/30 ver 0.92;  Variable-width minipages
\@vwid@box=\box64
\sift@deathcycles=\count290
\@vwid@loff=\dimen182
\@vwid@roff=\dimen183
)
\c@taburow=\count291
\tabu@nbcols=\count292
\tabu@cnt=\count293
\tabu@Xcol=\count294
\tabu@alloc=\count295
\tabu@nested=\count296
\tabu@target=\dimen184
\tabu@spreadtarget=\dimen185
\tabu@naturalX=\dimen186
\tabucolX=\dimen187
\tabu@Xsum=\dimen188
\extrarowdepth=\dimen189
\abovetabulinesep=\dimen190
\belowtabulinesep=\dimen191
\tabustrutrule=\dimen192
\tabu@thebody=\toks32
\tabu@footnotes=\toks33
\tabu@box=\box65
\tabu@arstrutbox=\box66
\tabu@hleads=\box67
\tabu@vleads=\box68
\tabu@cellskip=\skip63
)
(C:\Users\Musculus\AppData\Local\Programs\MiKTeX\tex/latex/threeparttable\three
parttable.sty
Package: threeparttable 2003/06/13  v 3.0
\@tempboxb=\box69
)
(C:\Users\Musculus\AppData\Local\Programs\MiKTeX\tex/latex/threeparttablex\thre
eparttablex.sty
Package: threeparttablex 2013/07/23 v0.3 by daleif
(C:\Users\Musculus\AppData\Local\Programs\MiKTeX\tex/latex/environ\environ.sty
Package: environ 2014/05/04 v0.3 A new way to define environments

(C:\Users\Musculus\AppData\Local\Programs\MiKTeX\tex/latex/trimspaces\trimspace
s.sty
Package: trimspaces 2009/09/17 v1.1 Trim spaces around a token list
))
\TPTL@width=\skip64
) (C:\Users\Musculus\AppData\Local\Programs\MiKTeX\tex/latex/ulem\ulem.sty
\UL@box=\box70
\UL@hyphenbox=\box71
\UL@skip=\skip65
\UL@hook=\toks34
\UL@height=\dimen193
\UL@pe=\count297
\UL@pixel=\dimen194
\ULC@box=\box72
Package: ulem 2019/11/18
\ULdepth=\dimen195
)
(C:\Users\Musculus\AppData\Local\Programs\MiKTeX\tex/latex/makecell\makecell.st
y
Package: makecell 2009/08/03 V0.1e Managing of Tab Column Heads and Cells
\rotheadsize=\dimen196
\c@nlinenum=\count298
\TeXr@lab=\toks35
)
(C:\Users\Musculus\AppData\Local\Programs\MiKTeX\tex/latex/bookmark\bookmark.st
y
Package: bookmark 2020-11-06 v1.29 PDF bookmarks (HO)

(C:\Users\Musculus\AppData\Local\Programs\MiKTeX\tex/latex/hyperref\hyperref.st
y
Package: hyperref 2021-06-07 v7.00m Hypertext links for LaTeX

(C:\Users\Musculus\AppData\Local\Programs\MiKTeX\tex/generic/pdftexcmds\pdftexc
mds.sty
Package: pdftexcmds 2020-06-27 v0.33 Utility functions of pdfTeX for LuaTeX (HO
)

(C:\Users\Musculus\AppData\Local\Programs\MiKTeX\tex/generic/infwarerr\infwarer
r.sty
Package: infwarerr 2019/12/03 v1.5 Providing info/warning/error messages (HO)
)
Package pdftexcmds Info: \pdf@primitive is available.
Package pdftexcmds Info: \pdf@ifprimitive is available.
Package pdftexcmds Info: \pdfdraftmode found.
)
(C:\Users\Musculus\AppData\Local\Programs\MiKTeX\tex/generic/kvdefinekeys\kvdef
inekeys.sty
Package: kvdefinekeys 2019-12-19 v1.6 Define keys (HO)
)
(C:\Users\Musculus\AppData\Local\Programs\MiKTeX\tex/generic/pdfescape\pdfescap
e.sty
Package: pdfescape 2019/12/09 v1.15 Implements pdfTeX's escape features (HO)
) (C:\Users\Musculus\AppData\Local\Programs\MiKTeX\tex/latex/hycolor\hycolor.st
y
Package: hycolor 2020-01-27 v1.10 Color options for hyperref/bookmark (HO)
)
(C:\Users\Musculus\AppData\Local\Programs\MiKTeX\tex/latex/letltxmacro\letltxma
cro.sty
Package: letltxmacro 2019/12/03 v1.6 Let assignment for LaTeX macros (HO)
) (C:\Users\Musculus\AppData\Local\Programs\MiKTeX\tex/latex/auxhook\auxhook.st
y
Package: auxhook 2019-12-17 v1.6 Hooks for auxiliary files (HO)
)
\@linkdim=\dimen197
\Hy@linkcounter=\count299
\Hy@pagecounter=\count300
(C:\Users\Musculus\AppData\Local\Programs\MiKTeX\tex/latex/hyperref\pd1enc.def
File: pd1enc.def 2021-06-07 v7.00m Hyperref: PDFDocEncoding definition (HO)
Now handling font encoding PD1 ...
... no UTF-8 mapping file for font encoding PD1
)
(C:\Users\Musculus\AppData\Local\Programs\MiKTeX\tex/latex/hyperref\hyperref-la
ngpatches.def
File: hyperref-langpatches.def 2021-06-07 v7.00m Hyperref: patches for babel la
nguages
)
(C:\Users\Musculus\AppData\Local\Programs\MiKTeX\tex/generic/intcalc\intcalc.st
y
Package: intcalc 2019/12/15 v1.3 Expandable calculations with integers (HO)
)
(C:\Users\Musculus\AppData\Local\Programs\MiKTeX\tex/generic/etexcmds\etexcmds.
sty
Package: etexcmds 2019/12/15 v1.7 Avoid name clashes with e-TeX commands (HO)
)
\Hy@SavedSpaceFactor=\count301
(C:\Users\Musculus\AppData\Local\Programs\MiKTeX\tex/latex/hyperref\puenc.def
File: puenc.def 2021-06-07 v7.00m Hyperref: PDF Unicode definition (HO)
Now handling font encoding PU ...
... no UTF-8 mapping file for font encoding PU
)
Package hyperref Info: Option `unicode' set `true' on input line 4073.
Package hyperref Info: Hyper figures OFF on input line 4192.
Package hyperref Info: Link nesting OFF on input line 4197.
Package hyperref Info: Hyper index ON on input line 4200.
Package hyperref Info: Plain pages OFF on input line 4207.
Package hyperref Info: Backreferencing OFF on input line 4212.
Package hyperref Info: Implicit mode ON; LaTeX internals redefined.
Package hyperref Info: Bookmarks ON on input line 4445.
\c@Hy@tempcnt=\count302
(C:\Users\Musculus\AppData\Local\Programs\MiKTeX\tex/latex/url\url.sty
\Urlmuskip=\muskip17
Package: url 2013/09/16  ver 3.4  Verb mode for urls, etc.
)
LaTeX Info: Redefining \url on input line 4804.
\XeTeXLinkMargin=\dimen198
(C:\Users\Musculus\AppData\Local\Programs\MiKTeX\tex/generic/bitset\bitset.sty
Package: bitset 2019/12/09 v1.3 Handle bit-vector datatype (HO)

(C:\Users\Musculus\AppData\Local\Programs\MiKTeX\tex/generic/bigintcalc\bigintc
alc.sty
Package: bigintcalc 2019/12/15 v1.5 Expandable calculations on big integers (HO
)
))
\Fld@menulength=\count303
\Field@Width=\dimen199
\Fld@charsize=\dimen256
Package hyperref Info: Hyper figures OFF on input line 6076.
Package hyperref Info: Link nesting OFF on input line 6081.
Package hyperref Info: Hyper index ON on input line 6084.
Package hyperref Info: backreferencing OFF on input line 6091.
Package hyperref Info: Link coloring OFF on input line 6096.
Package hyperref Info: Link coloring with OCG OFF on input line 6101.
Package hyperref Info: PDF/A mode OFF on input line 6106.
LaTeX Info: Redefining \ref on input line 6146.
LaTeX Info: Redefining \pageref on input line 6150.

(C:\Users\Musculus\AppData\Local\Programs\MiKTeX\tex/latex/base\atbegshi-ltx.st
y
Package: atbegshi-ltx 2021/01/10 v1.0c Emulation of the original atbegshi
package with kernel methods
)
\Hy@abspage=\count304
\c@Item=\count305
\c@Hfootnote=\count306
)
Package hyperref Info: Driver (autodetected): hpdftex.

(C:\Users\Musculus\AppData\Local\Programs\MiKTeX\tex/latex/hyperref\hpdftex.def
File: hpdftex.def 2021-06-07 v7.00m Hyperref driver for pdfTeX

(C:\Users\Musculus\AppData\Local\Programs\MiKTeX\tex/latex/base\atveryend-ltx.s
ty
Package: atveryend-ltx 2020/08/19 v1.0a Emulation of the original atveryend pac
kage
with kernel methods
)
\Fld@listcount=\count307
\c@bookmark@seq@number=\count308

(C:\Users\Musculus\AppData\Local\Programs\MiKTeX\tex/latex/rerunfilecheck\rerun
filecheck.sty
Package: rerunfilecheck 2019/12/05 v1.9 Rerun checks for auxiliary files (HO)

(C:\Users\Musculus\AppData\Local\Programs\MiKTeX\tex/generic/uniquecounter\uniq
uecounter.sty
Package: uniquecounter 2019/12/15 v1.4 Provide unlimited unique counter (HO)
)
Package uniquecounter Info: New unique counter `rerunfilecheck' on input line 2
86.
)
\Hy@SectionHShift=\skip66
)
(C:\Users\Musculus\AppData\Local\Programs\MiKTeX\tex/latex/bookmark\bkm-pdftex.
def
File: bkm-pdftex.def 2020-11-06 v1.29 bookmark driver for pdfTeX (HO)
\BKM@id=\count309
)) (C:\Users\Musculus\AppData\Local\Programs\MiKTeX\tex/latex/xurl\xurl.sty
Package: xurl 2020/12/30 v 0.09a modify URL breaks
)
(C:\Users\Musculus\AppData\Local\Programs\MiKTeX\tex/latex/l3backend\l3backend-
pdftex.def
File: l3backend-pdftex.def 2021-12-14 L3 backend support: PDF output (pdfTeX)
\l__color_backend_stack_int=\count310
\l__pdf_internal_box=\box73
) (BlueWhaleLagrangianMethods.aux)
\openout1 = `BlueWhaleLagrangianMethods.aux'.

LaTeX Font Info:    Checking defaults for OML/cmm/m/it on input line 133.
LaTeX Font Info:    ... okay on input line 133.
LaTeX Font Info:    Checking defaults for OMS/cmsy/m/n on input line 133.
LaTeX Font Info:    ... okay on input line 133.
LaTeX Font Info:    Checking defaults for OT1/cmr/m/n on input line 133.
LaTeX Font Info:    ... okay on input line 133.
LaTeX Font Info:    Checking defaults for T1/cmr/m/n on input line 133.
LaTeX Font Info:    ... okay on input line 133.
LaTeX Font Info:    Checking defaults for TS1/cmr/m/n on input line 133.
LaTeX Font Info:    ... okay on input line 133.
LaTeX Font Info:    Checking defaults for OMX/cmex/m/n on input line 133.
LaTeX Font Info:    ... okay on input line 133.
LaTeX Font Info:    Checking defaults for U/cmr/m/n on input line 133.
LaTeX Font Info:    ... okay on input line 133.
LaTeX Font Info:    Checking defaults for PD1/pdf/m/n on input line 133.
LaTeX Font Info:    ... okay on input line 133.
LaTeX Font Info:    Checking defaults for PU/pdf/m/n on input line 133.
LaTeX Font Info:    ... okay on input line 133.
LaTeX Info: Redefining \microtypecontext on input line 133.
Package microtype Info: Applying patch `item' on input line 133.
Package microtype Info: Applying patch `toc' on input line 133.
Package microtype Info: Applying patch `eqnum' on input line 133.
Package microtype Info: Applying patch `footnote' on input line 133.
Package microtype Info: Generating PDF output.
Package microtype Info: Character protrusion enabled (level 2).
Package microtype Info: Using protrusion set `basicmath'.
Package microtype Info: Automatic font expansion enabled (level 2),
(microtype)             stretch: 20, shrink: 20, step: 1, non-selected.
Package microtype Info: Using default expansion set `alltext-nott'.
LaTeX Info: Redefining \showhyphens on input line 133.
Package microtype Info: No adjustment of tracking.
Package microtype Info: No adjustment of interword spacing.
Package microtype Info: No adjustment of character kerning.

(C:\Users\Musculus\AppData\Local\Programs\MiKTeX\tex/latex/microtype\mt-cmr.cfg
File: mt-cmr.cfg 2013/05/19 v2.2 microtype config. file: Computer Modern Roman 
(RS)
)
(C:\Users\Musculus\AppData\Local\Programs\MiKTeX\tex/context/base/mkii\supp-pdf
.mkii
[Loading MPS to PDF converter (version 2006.09.02).]
\scratchcounter=\count311
\scratchdimen=\dimen257
\scratchbox=\box74
\nofMPsegments=\count312
\nofMParguments=\count313
\everyMPshowfont=\toks36
\MPscratchCnt=\count314
\MPscratchDim=\dimen258
\MPnumerator=\count315
\makeMPintoPDFobject=\count316
\everyMPtoPDFconversion=\toks37
)
(C:\Users\Musculus\AppData\Local\Programs\MiKTeX\tex/latex/epstopdf-pkg\epstopd
f-base.sty
Package: epstopdf-base 2020-01-24 v2.11 Base part for package epstopdf
Package epstopdf-base Info: Redefining graphics rule for `.eps' on input line 4
85.

(C:\Users\Musculus\AppData\Local\Programs\MiKTeX\tex/latex/00miktex\epstopdf-sy
s.cfg
File: epstopdf-sys.cfg 2021/03/18 v2.0 Configuration of epstopdf for MiKTeX
))
*geometry* driver: auto-detecting
*geometry* detected driver: pdftex
*geometry* verbose mode - [ preamble ] result:
* driver: pdftex
* paper: <default>
* layout: <same size as paper>
* layoutoffset:(h,v)=(0.0pt,0.0pt)
* modes: 
* h-part:(L,W,R)=(72.26999pt, 469.75502pt, 72.26999pt)
* v-part:(T,H,B)=(72.26999pt, 650.43001pt, 72.26999pt)
* \paperwidth=614.295pt
* \paperheight=794.96999pt
* \textwidth=469.75502pt
* \textheight=650.43001pt
* \oddsidemargin=0.0pt
* \evensidemargin=0.0pt
* \topmargin=-37.0pt
* \headheight=12.0pt
* \headsep=25.0pt
* \topskip=10.0pt
* \footskip=30.0pt
* \marginparwidth=65.0pt
* \marginparsep=11.0pt
* \columnsep=10.0pt
* \skip\footins=9.0pt plus 4.0pt minus 2.0pt
* \hoffset=0.0pt
* \voffset=0.0pt
* \mag=1000
* \@twocolumnfalse
* \@twosidefalse
* \@mparswitchfalse
* \@reversemarginfalse
* (1in=72.27pt=25.4mm, 1cm=28.453pt)

Package hyperref Info: Link coloring OFF on input line 133.

(C:\Users\Musculus\AppData\Local\Programs\MiKTeX\tex/latex/hyperref\nameref.sty
Package: nameref 2021-04-02 v2.47 Cross-referencing by name of section

(C:\Users\Musculus\AppData\Local\Programs\MiKTeX\tex/latex/refcount\refcount.st
y
Package: refcount 2019/12/15 v3.6 Data extraction from label references (HO)
)
(C:\Users\Musculus\AppData\Local\Programs\MiKTeX\tex/generic/gettitlestring\get
titlestring.sty
Package: gettitlestring 2019/12/15 v1.6 Cleanup title references (HO)
)
\c@section@level=\count317
)
LaTeX Info: Redefining \ref on input line 133.
LaTeX Info: Redefining \pageref on input line 133.
LaTeX Info: Redefining \nameref on input line 133.
LaTeX Font Info:    Trying to load font information for OT1+lmr on input line 1
35.
(C:\Users\Musculus\AppData\Local\Programs\MiKTeX\tex/latex/lm\ot1lmr.fd
File: ot1lmr.fd 2009/10/30 v1.6 Font defs for Latin Modern
)
LaTeX Font Info:    Trying to load font information for OML+lmm on input line 1
35.
(C:\Users\Musculus\AppData\Local\Programs\MiKTeX\tex/latex/lm\omllmm.fd
File: omllmm.fd 2009/10/30 v1.6 Font defs for Latin Modern
)
LaTeX Font Info:    Trying to load font information for OMS+lmsy on input line 
135.
(C:\Users\Musculus\AppData\Local\Programs\MiKTeX\tex/latex/lm\omslmsy.fd
File: omslmsy.fd 2009/10/30 v1.6 Font defs for Latin Modern
)
LaTeX Font Info:    Trying to load font information for OMX+lmex on input line 
135.
(C:\Users\Musculus\AppData\Local\Programs\MiKTeX\tex/latex/lm\omxlmex.fd
File: omxlmex.fd 2009/10/30 v1.6 Font defs for Latin Modern
)
LaTeX Font Info:    External font `lmex10' loaded for size
(Font)              <12> on input line 135.
LaTeX Font Info:    External font `lmex10' loaded for size
(Font)              <8> on input line 135.
LaTeX Font Info:    External font `lmex10' loaded for size
(Font)              <6> on input line 135.
LaTeX Font Info:    Trying to load font information for U+msa on input line 135
.
(C:\Users\Musculus\AppData\Local\Programs\MiKTeX\tex/latex/amsfonts\umsa.fd
File: umsa.fd 2013/01/14 v3.01 AMS symbols A
)
(C:\Users\Musculus\AppData\Local\Programs\MiKTeX\tex/latex/microtype\mt-msa.cfg
File: mt-msa.cfg 2006/02/04 v1.1 microtype config. file: AMS symbols (a) (RS)
)
LaTeX Font Info:    Trying to load font information for U+msb on input line 135
.
(C:\Users\Musculus\AppData\Local\Programs\MiKTeX\tex/latex/amsfonts\umsb.fd
File: umsb.fd 2013/01/14 v3.01 AMS symbols B
)
(C:\Users\Musculus\AppData\Local\Programs\MiKTeX\tex/latex/microtype\mt-msb.cfg
File: mt-msb.cfg 2005/06/01 v1.0 microtype config. file: AMS symbols (b) (RS)
) (BlueWhaleLagrangianMethods.toc
LaTeX Font Info:    External font `lmex10' loaded for size
(Font)              <10> on input line 3.
LaTeX Font Info:    External font `lmex10' loaded for size
(Font)              <7> on input line 3.
LaTeX Font Info:    External font `lmex10' loaded for size
(Font)              <5> on input line 3.
[1

{C:/Users/Musculus/AppData/Local/MiKTeX/fonts/map/pdftex/pdftex.map}])
\tf@toc=\write4
\openout4 = `BlueWhaleLagrangianMethods.toc'.

LaTeX Font Info:    Trying to load font information for T1+lmtt on input line 1
43.
(C:\Users\Musculus\AppData\Local\Programs\MiKTeX\tex/latex/lm\t1lmtt.fd
File: t1lmtt.fd 2009/10/30 v1.6 Font defs for Latin Modern
)
LaTeX Font Info:    Font shape `T1/lmtt/bx/n' in size <10> not available
(Font)              Font shape `T1/lmtt/b/n' tried instead on input line 144.
LaTeX Font Info:    Trying to load font information for TS1+lmtt on input line 
152.
(C:\Users\Musculus\AppData\Local\Programs\MiKTeX\tex/latex/lm\ts1lmtt.fd
File: ts1lmtt.fd 2009/10/30 v1.6 Font defs for Latin Modern
) [2]

LaTeX Font Warning: Font shape `T1/lmtt/bx/it' in size <10> not available
(Font)              Font shape `T1/lmtt/b/sl' tried instead on input line 222.


Underfull \vbox (badness 10000) detected at line 388
 []

[3]
Underfull \vbox (badness 10000) detected at line 388
 []


Underfull \vbox (badness 10000) detected at line 388
 []

[4]
Underfull \vbox (badness 10000) detected at line 388
 []


Underfull \vbox (badness 10000) detected at line 388
 []

[5] [6] [7]
Underfull \vbox (badness 10000) detected at line 574
 []


Underfull \vbox (badness 10000) detected at line 574
 []

[8]
Overfull \hbox (5.15685pt too wide) in paragraph at lines 622--622
 []|\T1/lmr/m/n/10 (-20) Year| 
 []


Overfull \hbox (6.95369pt too wide) in paragraph at lines 622--622
 []|\T1/lmr/m/n/10 (-20) Length 
 []


Overfull \hbox (2.43016pt too wide) in paragraph at lines 622--622
 \T1/lmr/m/n/10 (-20) (days)| 
 []


Overfull \hbox (4.51015pt too wide) in paragraph at lines 622--622
 []|\T1/lmr/m/n/10 (-20) Total 
 []


Overfull \hbox (5.25679pt too wide) in paragraph at lines 622--622
 \T1/lmr/m/n/10 (-20) Dives| 
 []


Overfull \hbox (4.51015pt too wide) in paragraph at lines 622--622
 []|\T1/lmr/m/n/10 (-20) Total 
 []


Overfull \hbox (5.25679pt too wide) in paragraph at lines 622--622
 \T1/lmr/m/n/10 (-20) Dives 
 []


Overfull \hbox (0.62788pt too wide) in paragraph at lines 622--622
 \T1/lmr/m/n/10 (-20) with 
 []


Overfull \hbox (1.73634pt too wide) in paragraph at lines 622--622
 \T1/lmr/m/n/10 (-20) GPS| 
 []


Overfull \hbox (0.89642pt too wide) in paragraph at lines 622--622
 []|\T1/lmr/m/n/10 (-20) Total 
 []


Overfull \hbox (1.64307pt too wide) in paragraph at lines 622--622
 \T1/lmr/m/n/10 (-20) Dives 
 []


Overfull \hbox (4.58817pt too wide) in paragraph at lines 622--622
 \T1/lmr/m/n/10 (-20) FTLE| 
 []


Overfull \hbox (1.64307pt too wide) in paragraph at lines 622--622
 \T1/lmr/m/n/10 (-20) Dives 
 []


Overfull \hbox (2.00244pt too wide) in paragraph at lines 622--622
 []|\T1/lmr/m/n/10 (-20) Mean 
 []


Overfull \hbox (0.62646pt too wide) in paragraph at lines 622--622
 \T1/lmr/m/n/10 (-20) Over- 
 []


Overfull \hbox (0.95183pt too wide) in paragraph at lines 622--622
 \T1/lmr/m/n/10 (-20) Daily 
 []


Overfull \hbox (0.62646pt too wide) in paragraph at lines 622--622
 \T1/lmr/m/n/10 (-20) Over- 
 []


Overfull \hbox (0.95183pt too wide) in paragraph at lines 622--622
 \T1/lmr/m/n/10 (-20) Daily 
 []


Overfull \hbox (2.00244pt too wide) in paragraph at lines 622--622
 []|\T1/lmr/m/n/10 (-20) Mean 
 []


Overfull \hbox (5.14621pt too wide) in paragraph at lines 622--622
 []|\T1/lmr/m/n/10 (-20) 2016| 
 []


Overfull \hbox (0.64096pt too wide) in paragraph at lines 622--622
 []|\T1/lmr/m/n/10 (-20) 24.10| 
 []


Overfull \hbox (4.35402pt too wide) in paragraph at lines 622--622
 []|\T1/lmr/m/n/10 (-20) Southern 
 []


Overfull \hbox (5.14621pt too wide) in paragraph at lines 622--622
 []|\T1/lmr/m/n/10 (-20) 2016| 
 []


Overfull \hbox (0.64096pt too wide) in paragraph at lines 622--622
 []|\T1/lmr/m/n/10 (-20) 29.20| 
 []


Overfull \hbox (4.35402pt too wide) in paragraph at lines 622--622
 []|\T1/lmr/m/n/10 (-20) Southern 
 []


Overfull \hbox (5.14621pt too wide) in paragraph at lines 622--622
 []|\T1/lmr/m/n/10 (-20) 2016| 
 []


Overfull \hbox (0.64096pt too wide) in paragraph at lines 622--622
 []|\T1/lmr/m/n/10 (-20) 25.50| 
 []


Overfull \hbox (4.35402pt too wide) in paragraph at lines 622--622
 []|\T1/lmr/m/n/10 (-20) Southern 
 []


Overfull \hbox (5.14621pt too wide) in paragraph at lines 622--622
 []|\T1/lmr/m/n/10 (-20) 2017| 
 []


Overfull \hbox (1.53249pt too wide) in paragraph at lines 622--622
 []|\T1/lmr/m/n/10 (-20) 2728| 
 []


Overfull \hbox (1.53249pt too wide) in paragraph at lines 622--622
 []|\T1/lmr/m/n/10 (-20) 2588| 
 []


Overfull \hbox (0.64096pt too wide) in paragraph at lines 622--622
 []|\T1/lmr/m/n/10 (-20) 23.20| 
 []


Overfull \hbox (4.35402pt too wide) in paragraph at lines 622--622
 []|\T1/lmr/m/n/10 (-20) Southern 
 []


Overfull \hbox (5.14621pt too wide) in paragraph at lines 622--622
 []|\T1/lmr/m/n/10 (-20) 2017| 
 []


Overfull \hbox (0.64096pt too wide) in paragraph at lines 622--622
 []|\T1/lmr/m/n/10 (-20) 22.00| 
 []


Overfull \hbox (4.35402pt too wide) in paragraph at lines 622--622
 []|\T1/lmr/m/n/10 (-20) Southern 
 []


Overfull \hbox (5.14621pt too wide) in paragraph at lines 622--622
 []|\T1/lmr/m/n/10 (-20) 2017| 
 []


Overfull \hbox (0.64096pt too wide) in paragraph at lines 622--622
 []|\T1/lmr/m/n/10 (-20) 25.90| 
 []


Overfull \hbox (5.14621pt too wide) in paragraph at lines 622--622
 []|\T1/lmr/m/n/10 (-20) 2018| 
 []


Overfull \hbox (1.53249pt too wide) in paragraph at lines 622--622
 []|\T1/lmr/m/n/10 (-20) 1152| 
 []


Overfull \hbox (0.64096pt too wide) in paragraph at lines 622--622
 []|\T1/lmr/m/n/10 (-20) 21.00| 
 []


Overfull \hbox (5.14621pt too wide) in paragraph at lines 622--622
 []|\T1/lmr/m/n/10 (-20) 2019| 
 []


Overfull \hbox (0.64096pt too wide) in paragraph at lines 622--622
 []|\T1/lmr/m/n/10 (-20) 17.60| 
 []


Overfull \hbox (4.6536pt too wide) in paragraph at lines 622--622
 []|\T1/lmr/m/n/10 (-20) Northern 
 []


Overfull \hbox (5.14621pt too wide) in paragraph at lines 622--622
 []|\T1/lmr/m/n/10 (-20) 2019| 
 []


Overfull \hbox (1.53249pt too wide) in paragraph at lines 622--622
 []|\T1/lmr/m/n/10 (-20) 1502| 
 []


Overfull \hbox (1.53249pt too wide) in paragraph at lines 622--622
 []|\T1/lmr/m/n/10 (-20) 1062| 
 []


Overfull \hbox (0.64096pt too wide) in paragraph at lines 622--622
 []|\T1/lmr/m/n/10 (-20) 24.40| 
 []


Overfull \hbox (5.14621pt too wide) in paragraph at lines 622--622
 []|\T1/lmr/m/n/10 (-20) 2020| 
 []


Overfull \hbox (0.64096pt too wide) in paragraph at lines 622--622
 []|\T1/lmr/m/n/10 (-20) 24.90| 
 []


Overfull \hbox (1.53249pt too wide) in paragraph at lines 622--622
 []|\T1/lmr/m/n/10 (-20) 9605| 
 []


Overfull \hbox (1.53249pt too wide) in paragraph at lines 622--622
 []|\T1/lmr/m/n/10 (-20) 8162| 
 []


Overfull \hbox (0.64096pt too wide) in paragraph at lines 622--622
 []|\T1/lmr/m/n/10 (-20) 23.78| 
 []

[9] [10]
Underfull \vbox (badness 10000) detected at line 697
 []


Underfull \vbox (badness 10000) detected at line 697
 []

[11]
<BlueWhaleLagrangianMethods_files/figure-latex/DeploymentOverViewMap-1.pdf, id=
152, 867.24pt x 867.24pt>
File: BlueWhaleLagrangianMethods_files/figure-latex/DeploymentOverViewMap-1.pdf
 Graphic file (type pdf)
<use BlueWhaleLagrangianMethods_files/figure-latex/DeploymentOverViewMap-1.pdf>

Package pdftex.def Info: BlueWhaleLagrangianMethods_files/figure-latex/Deployme
ntOverViewMap-1.pdf  used on input line 699.
(pdftex.def)             Requested size: 469.75827pt x 469.75827pt.
[12 <./BlueWhaleLagrangianMethods_files/figure-latex/DeploymentOverViewMap-1.pd
f>]
<./rmdfiles/FTLE3day.jpg, id=176, 527.02644pt x 860.21375pt>
File: ./rmdfiles/FTLE3day.jpg Graphic file (type jpg)
<use ./rmdfiles/FTLE3day.jpg>
Package pdftex.def Info: ./rmdfiles/FTLE3day.jpg  used on input line 789.
(pdftex.def)             Requested size: 398.50165pt x 650.43529pt.

LaTeX Warning: Float too large for page by 23.9497pt on input line 791.

[13] [14 <./rmdfiles/FTLE3day.jpg>] [15]
<BlueWhaleLagrangianMethods_files/figure-latex/plotBackground-1.pdf, id=199, 86
7.24pt x 578.16pt>
File: BlueWhaleLagrangianMethods_files/figure-latex/plotBackground-1.pdf Graphi
c file (type pdf)
<use BlueWhaleLagrangianMethods_files/figure-latex/plotBackground-1.pdf>
Package pdftex.def Info: BlueWhaleLagrangianMethods_files/figure-latex/plotBack
ground-1.pdf  used on input line 896.
(pdftex.def)             Requested size: 469.75827pt x 313.17216pt.
[16] [17 <./BlueWhaleLagrangianMethods_files/figure-latex/plotBackground-1.pdf>
]
<BlueWhaleLagrangianMethods_files/figure-latex/densityP-1.pdf, id=219, 1156.32p
t x 578.16pt>
File: BlueWhaleLagrangianMethods_files/figure-latex/densityP-1.pdf Graphic file
 (type pdf)
<use BlueWhaleLagrangianMethods_files/figure-latex/densityP-1.pdf>
Package pdftex.def Info: BlueWhaleLagrangianMethods_files/figure-latex/densityP
-1.pdf  used on input line 971.
(pdftex.def)             Requested size: 469.75385pt x 234.87692pt.
[18] [19 <./BlueWhaleLagrangianMethods_files/figure-latex/densityP-1.pdf>] [20]
<./rmdfiles/Bm170926-TDR14-Tracks.png, id=241, 1156.32pt x 722.7pt>
File: ./rmdfiles/Bm170926-TDR14-Tracks.png Graphic file (type png)
<use ./rmdfiles/Bm170926-TDR14-Tracks.png>
Package pdftex.def Info: ./rmdfiles/Bm170926-TDR14-Tracks.png  used on input li
ne 1132.
(pdftex.def)             Requested size: 469.75385pt x 293.59615pt.
[21 <./rmdfiles/Bm170926-TDR14-Tracks.png>]
<BlueWhaleLagrangianMethods_files/figure-latex/ACF_feedingGLMM-1.pdf, id=249, 4
69.755pt x 325.215pt>
File: BlueWhaleLagrangianMethods_files/figure-latex/ACF_feedingGLMM-1.pdf Graph
ic file (type pdf)
<use BlueWhaleLagrangianMethods_files/figure-latex/ACF_feedingGLMM-1.pdf>
Package pdftex.def Info: BlueWhaleLagrangianMethods_files/figure-latex/ACF_feed
ingGLMM-1.pdf  used on input line 1221.
(pdftex.def)             Requested size: 234.87692pt x 162.6071pt.
<BlueWhaleLagrangianMethods_files/figure-latex/ACF_feedingGLMM-2.pdf, id=250, 4
69.755pt x 325.215pt>
File: BlueWhaleLagrangianMethods_files/figure-latex/ACF_feedingGLMM-2.pdf Graph
ic file (type pdf)
<use BlueWhaleLagrangianMethods_files/figure-latex/ACF_feedingGLMM-2.pdf>
Package pdftex.def Info: BlueWhaleLagrangianMethods_files/figure-latex/ACF_feed
ingGLMM-2.pdf  used on input line 1222.
(pdftex.def)             Requested size: 234.87692pt x 162.6071pt.

Overfull \hbox (2.22104pt too wide) in paragraph at lines 1221--1223
[][] [] 
 []

[22]
<BlueWhaleLagrangianMethods_files/figure-latex/pftleLME_AR1-1.pdf, id=255, 867.
24pt x 578.16pt>
File: BlueWhaleLagrangianMethods_files/figure-latex/pftleLME_AR1-1.pdf Graphic 
file (type pdf)
<use BlueWhaleLagrangianMethods_files/figure-latex/pftleLME_AR1-1.pdf>
Package pdftex.def Info: BlueWhaleLagrangianMethods_files/figure-latex/pftleLME
_AR1-1.pdf  used on input line 1269.
(pdftex.def)             Requested size: 469.75827pt x 313.17216pt.
[23 <./BlueWhaleLagrangianMethods_files/figure-latex/ACF_feedingGLMM-1.pdf> <./
BlueWhaleLagrangianMethods_files/figure-latex/ACF_feedingGLMM-2.pdf>] [24 <./Bl
ueWhaleLagrangianMethods_files/figure-latex/pftleLME_AR1-1.pdf>] [25]
<BlueWhaleLagrangianMethods_files/figure-latex/ftle_glmmCRW_Plot-1.pdf, id=292,
 867.24pt x 578.16pt>
File: BlueWhaleLagrangianMethods_files/figure-latex/ftle_glmmCRW_Plot-1.pdf Gra
phic file (type pdf)
<use BlueWhaleLagrangianMethods_files/figure-latex/ftle_glmmCRW_Plot-1.pdf>
Package pdftex.def Info: BlueWhaleLagrangianMethods_files/figure-latex/ftle_glm
mCRW_Plot-1.pdf  used on input line 1407.
(pdftex.def)             Requested size: 469.75827pt x 313.17216pt.
[26]
Overfull \vbox (0.7391pt too high) detected at line 1451
 []

[27 <./BlueWhaleLagrangianMethods_files/figure-latex/ftle_glmmCRW_Plot-1.pdf>] 
[28] [29] [30] [31]
<BlueWhaleLagrangianMethods_files/figure-latex/ftleShiftPlotAll-1.pdf, id=333, 
867.24pt x 578.16pt>
File: BlueWhaleLagrangianMethods_files/figure-latex/ftleShiftPlotAll-1.pdf Grap
hic file (type pdf)
<use BlueWhaleLagrangianMethods_files/figure-latex/ftleShiftPlotAll-1.pdf>
Package pdftex.def Info: BlueWhaleLagrangianMethods_files/figure-latex/ftleShif
tPlotAll-1.pdf  used on input line 1731.
(pdftex.def)             Requested size: 469.75827pt x 313.17216pt.
[32] [33 <./BlueWhaleLagrangianMethods_files/figure-latex/ftleShiftPlotAll-1.pd
f>]
Overfull \vbox (0.98735pt too high) detected at line 1848
 []

[34] [35]
<BlueWhaleLagrangianMethods_files/figure-latex/plot_hmm_2_Stationary-1.pdf, id=
362, 867.24pt x 578.16pt>
File: BlueWhaleLagrangianMethods_files/figure-latex/plot_hmm_2_Stationary-1.pdf
 Graphic file (type pdf)
<use BlueWhaleLagrangianMethods_files/figure-latex/plot_hmm_2_Stationary-1.pdf>

Package pdftex.def Info: BlueWhaleLagrangianMethods_files/figure-latex/plot_hmm
_2_Stationary-1.pdf  used on input line 1937.
(pdftex.def)             Requested size: 469.75827pt x 313.17216pt.
[36]
Underfull \vbox (badness 1789) detected at line 1972
 []

[37 <./BlueWhaleLagrangianMethods_files/figure-latex/plot_hmm_2_Stationary-1.pd
f>]
<BlueWhaleLagrangianMethods_files/figure-latex/plotGLMMVSHMM-1.pdf, id=381, 867
.24pt x 578.16pt>
File: BlueWhaleLagrangianMethods_files/figure-latex/plotGLMMVSHMM-1.pdf Graphic
 file (type pdf)
<use BlueWhaleLagrangianMethods_files/figure-latex/plotGLMMVSHMM-1.pdf>
Package pdftex.def Info: BlueWhaleLagrangianMethods_files/figure-latex/plotGLMM
VSHMM-1.pdf  used on input line 1974.
(pdftex.def)             Requested size: 469.75827pt x 313.17216pt.
[38 <./BlueWhaleLagrangianMethods_files/figure-latex/plotGLMMVSHMM-1.pdf>]
<BlueWhaleLagrangianMethods_files/figure-latex/individualFR-1.pdf, id=400, 867.
24pt x 578.16pt>
File: BlueWhaleLagrangianMethods_files/figure-latex/individualFR-1.pdf Graphic 
file (type pdf)
<use BlueWhaleLagrangianMethods_files/figure-latex/individualFR-1.pdf>
Package pdftex.def Info: BlueWhaleLagrangianMethods_files/figure-latex/individu
alFR-1.pdf  used on input line 2028.
(pdftex.def)             Requested size: 469.75827pt x 313.17216pt.
[39 <./BlueWhaleLagrangianMethods_files/figure-latex/individualFR-1.pdf>]
Underfull \vbox (badness 10000) detected at line 2115
 []


Underfull \vbox (badness 10000) detected at line 2115
 []

[40]
<BlueWhaleLagrangianMethods_files/figure-latex/hmmDetermineFRPercentiles-1.pdf,
 id=415, 867.24pt x 578.16pt>
File: BlueWhaleLagrangianMethods_files/figure-latex/hmmDetermineFRPercentiles-1
.pdf Graphic file (type pdf)
<use BlueWhaleLagrangianMethods_files/figure-latex/hmmDetermineFRPercentiles-1.
pdf>
Package pdftex.def Info: BlueWhaleLagrangianMethods_files/figure-latex/hmmDeter
mineFRPercentiles-1.pdf  used on input line 2117.
(pdftex.def)             Requested size: 469.75827pt x 313.17216pt.
[41 <./BlueWhaleLagrangianMethods_files/figure-latex/hmmDetermineFRPercentiles-
1.pdf>]
Overfull \vbox (1.43073pt too high) detected at line 2188
 []

[42]
<BlueWhaleLagrangianMethods_files/figure-latex/fit_hmm4state-1.pdf, id=436, 867
.24pt x 578.16pt>
File: BlueWhaleLagrangianMethods_files/figure-latex/fit_hmm4state-1.pdf Graphic
 file (type pdf)
<use BlueWhaleLagrangianMethods_files/figure-latex/fit_hmm4state-1.pdf>
Package pdftex.def Info: BlueWhaleLagrangianMethods_files/figure-latex/fit_hmm4
state-1.pdf  used on input line 2194.
(pdftex.def)             Requested size: 469.75827pt x 313.17216pt.
<BlueWhaleLagrangianMethods_files/figure-latex/fit_hmm4state-2.pdf, id=437, 867
.24pt x 578.16pt>
File: BlueWhaleLagrangianMethods_files/figure-latex/fit_hmm4state-2.pdf Graphic
 file (type pdf)
<use BlueWhaleLagrangianMethods_files/figure-latex/fit_hmm4state-2.pdf>
Package pdftex.def Info: BlueWhaleLagrangianMethods_files/figure-latex/fit_hmm4
state-2.pdf  used on input line 2196.
(pdftex.def)             Requested size: 469.75827pt x 313.17216pt.
[43 <./BlueWhaleLagrangianMethods_files/figure-latex/fit_hmm4state-1.pdf>]
<BlueWhaleLagrangianMethods_files/figure-latex/fit_hmm4state-3.pdf, id=448, 867
.24pt x 578.16pt>
File: BlueWhaleLagrangianMethods_files/figure-latex/fit_hmm4state-3.pdf Graphic
 file (type pdf)
<use BlueWhaleLagrangianMethods_files/figure-latex/fit_hmm4state-3.pdf>
Package pdftex.def Info: BlueWhaleLagrangianMethods_files/figure-latex/fit_hmm4
state-3.pdf  used on input line 2198.
(pdftex.def)             Requested size: 469.75827pt x 313.17216pt.
[44 <./BlueWhaleLagrangianMethods_files/figure-latex/fit_hmm4state-2.pdf> <./Bl
ueWhaleLagrangianMethods_files/figure-latex/fit_hmm4state-3.pdf>]
Underfull \vbox (badness 10000) detected at line 2307
 []


Underfull \vbox (badness 10000) detected at line 2307
 []

[45]
<BlueWhaleLagrangianMethods_files/figure-latex/plot_hmm_4_Stationary-1.pdf, id=
469, 867.24pt x 578.16pt>
File: BlueWhaleLagrangianMethods_files/figure-latex/plot_hmm_4_Stationary-1.pdf
 Graphic file (type pdf)
<use BlueWhaleLagrangianMethods_files/figure-latex/plot_hmm_4_Stationary-1.pdf>

Package pdftex.def Info: BlueWhaleLagrangianMethods_files/figure-latex/plot_hmm
_4_Stationary-1.pdf  used on input line 2309.
(pdftex.def)             Requested size: 469.75827pt x 313.17216pt.
[46] [47 <./BlueWhaleLagrangianMethods_files/figure-latex/plot_hmm_4_Stationary
-1.pdf>]
<BlueWhaleLagrangianMethods_files/figure-latex/estimatedFR-1.pdf, id=491, 867.2
4pt x 578.16pt>
File: BlueWhaleLagrangianMethods_files/figure-latex/estimatedFR-1.pdf Graphic f
ile (type pdf)
<use BlueWhaleLagrangianMethods_files/figure-latex/estimatedFR-1.pdf>
Package pdftex.def Info: BlueWhaleLagrangianMethods_files/figure-latex/estimate
dFR-1.pdf  used on input line 2391.
(pdftex.def)             Requested size: 469.75827pt x 313.17216pt.
[48] [49 <./BlueWhaleLagrangianMethods_files/figure-latex/estimatedFR-1.pdf>] [
50] (BlueWhaleLagrangianMethods.aux) ) 
Here is how much of TeX's memory you used:
 15919 strings out of 478621
 264456 string characters out of 2842749
 631202 words of memory out of 3000000
 33454 multiletter control sequences out of 15000+600000
 460523 words of font info for 138 fonts, out of 8000000 for 9000
 1141 hyphenation exceptions out of 8191
 74i,12n,77p,1025b,545s stack positions out of 5000i,500n,10000p,200000b,80000s
{C:/Users/Musculus/AppData/Local/Programs
/MiKTeX/fonts/enc/dvips/lm/lm-mathex.enc}{C:/Users/Musculus/AppData/Local/Progr
ams/MiKTeX/fonts/enc/dvips/lm/lm-mathit.enc}{C:/Users/Musculus/AppData/Local/Pr
ograms/MiKTeX/fonts/enc/dvips/lm/lm-rm.enc}{C:/Users/Musculus/AppData/Local/Pro
grams/MiKTeX/fonts/enc/dvips/lm/lm-ec.enc}{C:/Users/Musculus/AppData/Local/Prog
rams/MiKTeX/fonts/enc/dvips/lm/lm-mathsy.enc}{C:/Users/Musculus/AppData/Local/P
rograms/MiKTeX/fonts/enc/dvips/lm/lm-ts1.enc}<C:/Users/Musculus/AppData/Local/P
rograms/MiKTeX/fonts/type1/public/lm/lmbx10.pfb><C:/Users/Musculus/AppData/Loca
l/Programs/MiKTeX/fonts/type1/public/lm/lmbx12.pfb><C:/Users/Musculus/AppData/L
ocal/Programs/MiKTeX/fonts/type1/public/lm/lmex10.pfb><C:/Users/Musculus/AppDat
a/Local/Programs/MiKTeX/fonts/type1/public/lm/lmmi10.pfb><C:/Users/Musculus/App
Data/Local/Programs/MiKTeX/fonts/type1/public/lm/lmmi5.pfb><C:/Users/Musculus/A
ppData/Local/Programs/MiKTeX/fonts/type1/public/lm/lmmi7.pfb><C:/Users/Musculus
/AppData/Local/Programs/MiKTeX/fonts/type1/public/lm/lmr10.pfb><C:/Users/Muscul
us/AppData/Local/Programs/MiKTeX/fonts/type1/public/lm/lmr12.pfb><C:/Users/Musc
ulus/AppData/Local/Programs/MiKTeX/fonts/type1/public/lm/lmr17.pfb><C:/Users/Mu
sculus/AppData/Local/Programs/MiKTeX/fonts/type1/public/lm/lmr7.pfb><C:/Users/M
usculus/AppData/Local/Programs/MiKTeX/fonts/type1/public/lm/lmri10.pfb><C:/User
s/Musculus/AppData/Local/Programs/MiKTeX/fonts/type1/public/lm/lmsy10.pfb><C:/U
sers/Musculus/AppData/Local/Programs/MiKTeX/fonts/type1/public/lm/lmtk10.pfb><C
:/Users/Musculus/AppData/Local/Programs/MiKTeX/fonts/type1/public/lm/lmtko10.pf
b><C:/Users/Musculus/AppData/Local/Programs/MiKTeX/fonts/type1/public/lm/lmtt10
.pfb><C:/Users/Musculus/AppData/Local/Programs/MiKTeX/fonts/type1/public/lm/lmt
ti10.pfb>
Output written on BlueWhaleLagrangianMethods.pdf (50 pages, 11896644 bytes).
PDF statistics:
 753 PDF objects out of 1000 (max. 8388607)
 140 named destinations out of 1000 (max. 500000)
 29112 words of extra memory for PDF output out of 29859 (max. 10000000)

